<?xml version="1.0" encoding="UTF-8"?>
<!-- Generated by org.testng.reporters.JUnitReportReporter -->
<testsuite hostname="LAPTOP-1GULVHFD" failures="0" tests="2" name="NewTest" time="1.420" errors="0" timestamp="2022-02-19T19:26:37 SGT" skipped="0">
  <testcase classname="NewTest" name="checkTitle" time="0.780"/>
  <testcase classname="NewTest" name="checkId" time="0.640"/>
</testsuite> <!-- NewTest -->
