<?xml version="1.0" encoding="UTF-8"?>
<!-- Generated by org.testng.reporters.JUnitReportReporter -->
<testsuite hostname="LAPTOP-1GULVHFD" failures="0" tests="2" name="com.devops.NewTest" time="1.361" errors="0" timestamp="2022-02-19T19:54:44 SGT" skipped="0">
  <testcase classname="com.devops.NewTest" name="checkId" time="0.655"/>
  <testcase classname="com.devops.NewTest" name="checkTitle" time="0.706"/>
</testsuite> <!-- com.devops.NewTest -->
